<?xml version="1.0" encoding="UTF-8"?>
<!-- Generated by org.testng.reporters.JUnitReportReporter -->
<testsuite hostname="Priya-Lenovo" failures="0" tests="1" name="tests.GetCallBDD" time="4.663" errors="0" timestamp="2021-08-04T23:13:22 IST" skipped="0">
  <testcase classname="tests.GetCallBDD" name="test_numberofCircuitsfor2017Season" time="4.663"/>
  <system-out/>
</testsuite> <!-- tests.GetCallBDD -->
