<?xml version="1.0" encoding="UTF-8"?>
<!-- Generated by org.testng.reporters.JUnitReportReporter -->
<testsuite hostname="Priya-Lenovo" failures="0" tests="1" name="tests.lotto" time="6.224" errors="0" timestamp="2021-08-04T23:13:49 IST" skipped="0">
  <testcase classname="tests.lotto" name="testLotto_2" time="6.224"/>
  <system-out/>
</testsuite> <!-- tests.lotto -->
