<?xml version="1.0" encoding="UTF-8"?>
<!-- Generated by org.testng.reporters.JUnitReportReporter -->
<testsuite hostname="Priya-Lenovo" failures="0" tests="1" name="tests.TestsExamples" time="6.066" errors="0" timestamp="2021-07-27T23:19:02 IST" skipped="0">
  <testcase classname="tests.TestsExamples" name="putexample_test_5" time="6.066"/>
  <system-out/>
</testsuite> <!-- tests.TestsExamples -->
